<?xml version="1.0" encoding="UTF-8"?>
<!-- Generated by org.testng.reporters.JUnitReportReporter -->
<testsuite skipped="0" hostname="LAPTOP-O4I02FC2" name="testcases.LoginPageTest" tests="2" failures="0" timestamp="14 Feb 2021 16:55:50 GMT" time="25.932" errors="0">
  <testcase name="loginTest" time="8.335" classname="testcases.LoginPageTest"/>
  <testcase name="loginpageTitleTest" time="17.597" classname="testcases.LoginPageTest"/>
</testsuite> <!-- testcases.LoginPageTest -->
