<?xml version="1.0" encoding="UTF-8"?>
<!-- Generated by org.testng.reporters.JUnitReportReporter -->
<testsuite skipped="0" hostname="LAPTOP-O4I02FC2" name="testcases.LoginPageTest" tests="1" failures="0" timestamp="14 Feb 2021 16:34:30 GMT" time="12.699" errors="0">
  <testcase name="loginTest" time="12.699" classname="testcases.LoginPageTest"/>
</testsuite> <!-- testcases.LoginPageTest -->
